{"logLevel":"debug","message":"multithreading is set to false"}
{"logLevel":"debug","message":"Using reflection to scan dependencies for gauge implementations..."}
SLF4J(W): No SLF4J providers were found.
SLF4J(W): Defaulting to no-operation (NOP) logger implementation
SLF4J(W): See https://www.slf4j.org/codes.html#noProviders for further details.
{"logLevel":"debug","message":"gauge-java took 1576milliseconds to load and scan. This should be less than 'runner_connection_timeout' config value."}
{"logLevel":"debug","message":"run 'gauge config runner_connection_timeout' and verify that it is < 1576"}
{"logLevel":"debug","message":"starting gRPC server..."}
{"logLevel":"debug","message":"started gRPC server on port 53569"}
{"logLevel":"info","message":"Listening on port:53569"}
{"logLevel":"debug","message":"Scanning packages for steps"}
{"logLevel":"debug","message":"Comparing 'stepdefs.StepImplementation.implementation3' and 'stepdefs.StepImplementation.implementation3'"}
{"logLevel":"debug","message":"Found {} soyadý girilir in current project scope."}
{"logLevel":"debug","message":"Comparing 'stepdefs.StepImplementation.implementation6' and 'stepdefs.StepImplementation.implementation6'"}
{"logLevel":"debug","message":"Found {} adý girilir in current project scope."}
{"logLevel":"debug","message":"Comparing 'stepdefs.StepImplementation.selectGender' and 'stepdefs.StepImplementation.selectGender'"}
{"logLevel":"debug","message":"Found Cinsiyet olarak '{}' seçilir in current project scope."}
{"logLevel":"debug","message":"Comparing 'pages.FormPage.implementation3' and 'pages.FormPage.implementation3'"}
{"logLevel":"debug","message":"Found Ad alaný hata mesajý (veya engelleme) kontrol edilir in current project scope."}
{"logLevel":"debug","message":"Comparing 'pages.FormPage.implementation2' and 'pages.FormPage.implementation2'"}
{"logLevel":"debug","message":"Found Telefon alaný hata mesajý kontrol edilir in current project scope."}
{"logLevel":"debug","message":"Comparing 'stepdefs.StepImplementation.implementation4' and 'stepdefs.StepImplementation.implementation4'"}
{"logLevel":"debug","message":"Found Cinsiyet olarak {} seçilir in current project scope."}
{"logLevel":"debug","message":"Comparing 'stepdefs.StepImplementation.clickSubmit' and 'stepdefs.StepImplementation.clickSubmit'"}
{"logLevel":"debug","message":"Found Submit butonuna týklanýr in current project scope."}
{"logLevel":"debug","message":"Comparing 'stepdefs.StepImplementation.enterPhone' and 'stepdefs.StepImplementation.enterPhone'"}
{"logLevel":"debug","message":"Found '{}' telefon numarasý girilir in current project scope."}
{"logLevel":"debug","message":"Comparing 'stepdefs.StepImplementation.enterFirstName' and 'stepdefs.StepImplementation.enterFirstName'"}
{"logLevel":"debug","message":"Found '{}' adý girilir in current project scope."}
{"logLevel":"debug","message":"Comparing 'stepdefs.StepImplementation.implementation1' and 'stepdefs.StepImplementation.implementation1'"}
{"logLevel":"debug","message":"Found {} adresine gidilir in current project scope."}
{"logLevel":"debug","message":"Comparing 'stepdefs.StepImplementation.enterLastName' and 'stepdefs.StepImplementation.enterLastName'"}
{"logLevel":"debug","message":"Found '{}' soyadý girilir in current project scope."}
{"logLevel":"debug","message":"Comparing 'stepdefs.StepImplementation.implementation5' and 'stepdefs.StepImplementation.implementation5'"}
{"logLevel":"debug","message":"Found {} telefon numarasý girilir in current project scope."}
{"logLevel":"debug","message":"Comparing 'stepdefs.StepImplementation.navigateTo' and 'stepdefs.StepImplementation.navigateTo'"}
{"logLevel":"debug","message":"Found '{}' adresine gidilir in current project scope."}
{"logLevel":"debug","message":"Comparing 'stepdefs.StepImplementation.implementation2' and 'stepdefs.StepImplementation.implementation2'"}
{"logLevel":"debug","message":"Found {} e-posta girilir in current project scope."}
{"logLevel":"debug","message":"Comparing 'pages.FormPage.implementation1' and 'pages.FormPage.implementation1'"}
{"logLevel":"debug","message":"Found Baþarý popup'ý görünmemeli, validasyon kontrol edilir in current project scope."}
{"logLevel":"debug","message":"Comparing 'stepdefs.StepImplementation.checkEmailError' and 'stepdefs.StepImplementation.checkEmailError'"}
{"logLevel":"debug","message":"Found E-posta hata mesajý kontrol edilir in current project scope."}
{"logLevel":"debug","message":"Comparing 'stepdefs.StepImplementation.checkSuccessPopup' and 'stepdefs.StepImplementation.checkSuccessPopup'"}
{"logLevel":"debug","message":"Found Baþarý popup'ý kontrol edilir in current project scope."}
{"logLevel":"debug","message":"Comparing 'stepdefs.StepImplementation.enterEmail' and 'stepdefs.StepImplementation.enterEmail'"}
{"logLevel":"debug","message":"Found '{}' e-posta girilir in current project scope."}
{"logLevel":"debug","message":"Scanning packages for hooks"}
{"logLevel":"debug","message":"Scanned steps (using static parsing + reflections): "}
{"logLevel":"debug","message":"\tTelefon alaný hata mesajý kontrol edilir : public void implementation2()"}
{"logLevel":"debug","message":"\tBaþarý popup'ý kontrol edilir : public void checkSuccessPopup()"}
{"logLevel":"debug","message":"\t'{}' adresine gidilir : public void navigateTo(String url)"}
{"logLevel":"debug","message":"\tBaþarý popup'ý görünmemeli, validasyon kontrol edilir : public void implementation1()"}
{"logLevel":"debug","message":"\t{} adý girilir : public void implementation6(Object arg0)"}
{"logLevel":"debug","message":"\tAd alaný hata mesajý (veya engelleme) kontrol edilir : public void implementation3()"}
{"logLevel":"debug","message":"\t{} telefon numarasý girilir : public void implementation5(Object arg0)"}
{"logLevel":"debug","message":"\t'{}' adý girilir : public void enterFirstName(String name)"}
{"logLevel":"debug","message":"\t'{}' telefon numarasý girilir : public void enterPhone(String phone)"}
{"logLevel":"debug","message":"\t'{}' e-posta girilir : public void enterEmail(String email)"}
{"logLevel":"debug","message":"\t{} soyadý girilir : public void implementation3(Object arg0)"}
{"logLevel":"debug","message":"\tE-posta hata mesajý kontrol edilir : public void checkEmailError()"}
{"logLevel":"debug","message":"\t'{}' soyadý girilir : public void enterLastName(String surname)"}
{"logLevel":"debug","message":"\tSubmit butonuna týklanýr : public void clickSubmit()"}
{"logLevel":"debug","message":"\tCinsiyet olarak {} seçilir : public void implementation4(Object arg0)"}
{"logLevel":"debug","message":"\t{} adresine gidilir : public void implementation1(Object arg0)"}
{"logLevel":"debug","message":"\tCinsiyet olarak '{}' seçilir : public void selectGender(String gender)"}
{"logLevel":"debug","message":"\t{} e-posta girilir : public void implementation2(Object arg0)"}
{"logLevel":"debug","message":"Executing '{} adresine gidilir' using 'class stepdefs.StepImplementation.implementation1"}
Tem 09, 2025 4:17:42 ÖS org.openqa.selenium.devtools.CdpVersionFinder findNearestMatch
WARNING: Unable to find CDP implementation matching 138
Tem 09, 2025 4:17:42 ÖS org.openqa.selenium.chromium.ChromiumDriver lambda$new$5
WARNING: Unable to find version of CDP to use for 138.0.7204.101. You may need to include a dependency on a specific version of the CDP using something similar to `org.seleniumhq.selenium:selenium-devtools-v86:4.20.0` where the version ("v86") matches the version of the chromium-based browser you're using and the version number of the artifact is the same as Selenium's.
{"logLevel":"debug","message":"Executing '{} adý girilir' using 'class stepdefs.StepImplementation.implementation6"}
{"logLevel":"debug","message":"Executing '{} soyadý girilir' using 'class stepdefs.StepImplementation.implementation3"}
{"logLevel":"debug","message":"Executing '{} e-posta girilir' using 'class stepdefs.StepImplementation.implementation2"}
{"logLevel":"debug","message":"Executing 'Submit butonuna týklanýr' using 'class stepdefs.StepImplementation.clickSubmit"}
{"logLevel":"debug","message":"Killing Java runner..."}
{"logLevel":"debug","message":"Stopping execution pool..."}
{"logLevel":"debug","message":"Shutting down grpc server..."}
{"logLevel":"debug","message":"Runner killed gracefully."}
